[2018-11-04 21:49:07] root: DEBUG: Genome size: 4928307
[2018-11-04 21:49:07] root: DEBUG: Chosen k-mer size: 15
[2018-11-04 21:49:07] root: INFO: Running Flye 2.3.1-release
[2018-11-04 21:49:07] root: DEBUG: Cmd: /usr/local/bin/flye --nano-raw data/agalactiae/merged-output.fastq --out-dir data/agalactiae/flye_output --genome-size 4.7m --threads 2
[2018-11-04 21:49:07] root: INFO: Assembling reads
[2018-11-04 21:49:07] root: DEBUG: -----Begin assembly log------
[2018-11-04 21:49:07] root: DEBUG: Running: flye-assemble -k 15 -l /home/jovyan/notebooks/data/agalactiae/flye_output/flye.log -t 2 -v 5000 data/agalactiae/merged-output.fastq /home/jovyan/notebooks/data/agalactiae/flye_output/0-assembly/draft_assembly.fasta 4928307 /usr/local/lib/python2.7/dist-packages/flye/resource/asm_raw_reads.cfg
[2018-11-04 21:49:07] DEBUG: Build date: Oct 25 2018 19:03:16
[2018-11-04 21:49:07] DEBUG: Parameters:
[2018-11-04 21:49:07] DEBUG: 	maximum_jump=1500
[2018-11-04 21:49:07] DEBUG: 	maximum_overhang=1500
[2018-11-04 21:49:07] DEBUG: 	hard_min_coverage_rate=10
[2018-11-04 21:49:07] DEBUG: 	repeat_coverage_rate=10
[2018-11-04 21:49:07] DEBUG: 	close_jump_rate=100
[2018-11-04 21:49:07] DEBUG: 	far_jump_rate=2
[2018-11-04 21:49:07] DEBUG: 	overlap_divergence_rate=5
[2018-11-04 21:49:07] DEBUG: 	penalty_window=100
[2018-11-04 21:49:07] DEBUG: 	max_coverage_drop_rate=5
[2018-11-04 21:49:07] DEBUG: 	chimera_window=100
[2018-11-04 21:49:07] DEBUG: 	min_reads_in_contig=4
[2018-11-04 21:49:07] DEBUG: 	max_inner_reads=10
[2018-11-04 21:49:07] DEBUG: 	max_inner_fraction=0.25
[2018-11-04 21:49:07] DEBUG: 	max_separation=500
[2018-11-04 21:49:07] DEBUG: 	tip_length_threshold=20000
[2018-11-04 21:49:07] DEBUG: 	unique_edge_length=50000
[2018-11-04 21:49:07] DEBUG: 	min_repeat_res_support=0.5
[2018-11-04 21:49:07] DEBUG: 	out_paths_ratio=5
[2018-11-04 21:49:07] DEBUG: 	graph_cov_drop_rate=10
[2018-11-04 21:49:07] DEBUG: 	coverage_estimate_window=100
[2018-11-04 21:49:07] DEBUG: 	low_cutoff_warning=1
[2018-11-04 21:49:07] DEBUG: 	assemble_kmer_sample=1
[2018-11-04 21:49:07] DEBUG: 	assemble_gap=500
[2018-11-04 21:49:07] DEBUG: 	repeat_graph_kmer_sample=5
[2018-11-04 21:49:07] DEBUG: 	repeat_graph_gap=100
[2018-11-04 21:49:07] DEBUG: 	repeat_graph_max_kmer=500
[2018-11-04 21:49:07] DEBUG: 	read_align_kmer_sample=1
[2018-11-04 21:49:07] DEBUG: 	read_align_gap=500
[2018-11-04 21:49:07] DEBUG: 	read_align_max_kmer=500
[2018-11-04 21:49:07] INFO: Reading sequences
[2018-11-04 21:49:07] DEBUG: Mean read length: 9366
[2018-11-04 21:49:07] DEBUG: Estimated coverage: 7
[2018-11-04 21:49:07] INFO: Generating solid k-mer index
[2018-11-04 21:49:07] DEBUG: Hard threshold set to 1
[2018-11-04 21:49:07] DEBUG: Started kmer counting
[2018-11-04 21:49:23] INFO: Counting kmers (1/2):
[2018-11-04 21:49:28] INFO: Counting kmers (2/2):
[2018-11-04 21:49:48] DEBUG: Filtered 1062 repetitive kmers
[2018-11-04 21:49:48] DEBUG: Estimated minimum kmer coverage: 2, 4007616 unique kmers selected
[2018-11-04 21:49:48] INFO: Filling index table
[2018-11-04 21:49:48] DEBUG: Solid kmers: 4007616
[2018-11-04 21:49:48] DEBUG: Kmer index size: 10715204
[2018-11-04 21:49:49] DEBUG: Total chunks 3 wasted space: 10
[2018-11-04 21:50:00] INFO: Extending reads
[2018-11-04 21:51:20] DEBUG: Mean read coverage: 8
[2018-11-04 21:51:20] DEBUG: Assembled contig 1
	With 10 reads
	Start read: -1bfbd04-5a88-4199-9213-6ba3658f76bf
	At position: 6
	leftTip: 0 rightTip: 0
	Suspicios: 0
	Mean extensions: 8
	Inner reads: 0
	Length: 122298
[2018-11-04 21:51:20] DEBUG: Inner: 84 covered: 96 total: 7440
[2018-11-04 21:51:20] DEBUG: Assembled contig 2
	With 4 reads
	Start read: +3620019-49f7-4051-ae8e-248b80bcb0f3
	At position: 2
	leftTip: 1 rightTip: 1
	Suspicios: 2
	Mean extensions: 1
	Inner reads: 0
	Length: 33924
[2018-11-04 21:51:20] DEBUG: Inner: 86 covered: 106 total: 7440
[2018-11-04 21:51:20] DEBUG: Assembled contig 3
	With 4 reads
	Start read: +4bdf129-c490-4e22-85ce-eb89e54318fa
	At position: 3
	leftTip: 1 rightTip: 1
	Suspicios: 2
	Mean extensions: 0
	Inner reads: 0
	Length: 23322
[2018-11-04 21:51:20] DEBUG: Inner: 88 covered: 112 total: 7440
[2018-11-04 21:51:20] DEBUG: Assembled contig 4
	With 6 reads
	Start read: -a8a997b-3122-4813-9670-2ddf07aa74a2
	At position: 1
	leftTip: 1 rightTip: 0
	Suspicios: 2
	Mean extensions: 3
	Inner reads: 0
	Length: 94578
[2018-11-04 21:51:20] DEBUG: Inner: 104 covered: 129 total: 7440
[2018-11-04 21:51:20] DEBUG: Assembled contig 5
	With 5 reads
	Start read: +21d2bc9-1bb4-4afd-b649-a9b5147d6fe9
	At position: 3
	leftTip: 1 rightTip: 0
	Suspicios: 3
	Mean extensions: 2
	Inner reads: 0
	Length: 66083
[2018-11-04 21:51:20] DEBUG: Inner: 106 covered: 138 total: 7440
[2018-11-04 21:51:20] DEBUG: Assembled contig 6
	With 5 reads
	Start read: -1a309d7-af95-45cb-8ad8-ef43eacdf342
	At position: 3
	leftTip: 0 rightTip: 1
	Suspicios: 1
	Mean extensions: 3
	Inner reads: 0
	Length: 114527
[2018-11-04 21:51:20] DEBUG: Inner: 110 covered: 160 total: 7440
[2018-11-04 21:51:20] DEBUG: Assembled contig 7
	With 4 reads
	Start read: -b5cd28d-3c4c-46bc-8378-44a24d9753a1
	At position: 1
	leftTip: 1 rightTip: 1
	Suspicios: 3
	Mean extensions: 1
	Inner reads: 0
	Length: 27828
[2018-11-04 21:51:20] DEBUG: Inner: 112 covered: 166 total: 7440
[2018-11-04 21:51:20] DEBUG: Assembled contig 8
	With 5 reads
	Start read: +5e6e7f8-242a-4010-9359-d7e9f2de542e
	At position: 1
	leftTip: 1 rightTip: 1
	Suspicios: 3
	Mean extensions: 1
	Inner reads: 0
	Length: 35181
[2018-11-04 21:51:20] DEBUG: Inner: 120 covered: 181 total: 7440
[2018-11-04 21:51:20] DEBUG: Assembled contig 9
	With 4 reads
	Start read: +16a5412-fee7-48a7-9a2c-235bd5337496
	At position: 2
	leftTip: 1 rightTip: 1
	Suspicios: 2
	Mean extensions: 0
	Inner reads: 0
	Length: 51617
[2018-11-04 21:51:20] DEBUG: Inner: 124 covered: 190 total: 7440
[2018-11-04 21:51:20] DEBUG: Assembled contig 10
	With 4 reads
	Start read: -e8a8c99-07de-4bb2-a04d-657226e2af93
	At position: 2
	leftTip: 1 rightTip: 1
	Suspicios: 3
	Mean extensions: 0
	Inner reads: 0
	Length: 58203
[2018-11-04 21:51:20] DEBUG: Inner: 132 covered: 200 total: 7440
[2018-11-04 21:51:20] DEBUG: Assembled contig 11
	With 8 reads
	Start read: +f5fbf6e-0feb-44ce-841a-e0d969a6e53b
	At position: 7
	leftTip: 1 rightTip: 1
	Suspicios: 5
	Mean extensions: 1
	Inner reads: 0
	Length: 66402
[2018-11-04 21:51:20] DEBUG: Inner: 146 covered: 216 total: 7440
[2018-11-04 21:51:20] DEBUG: Assembled contig 12
	With 4 reads
	Start read: -a1199f2-9a77-4af5-b21c-7a2b1db559be
	At position: 2
	leftTip: 1 rightTip: 1
	Suspicios: 3
	Mean extensions: 1
	Inner reads: 0
	Length: 20875
[2018-11-04 21:51:20] DEBUG: Inner: 148 covered: 221 total: 7440
[2018-11-04 21:51:20] DEBUG: Assembled contig 13
	With 4 reads
	Start read: +2086d2f-8ad0-4c55-b93a-2357753bb177
	At position: 2
	leftTip: 1 rightTip: 1
	Suspicios: 3
	Mean extensions: 1
	Inner reads: 0
	Length: 26152
[2018-11-04 21:51:20] DEBUG: Inner: 148 covered: 229 total: 7440
[2018-11-04 21:51:20] DEBUG: Assembled contig 14
	With 4 reads
	Start read: -f15e428-1386-45e4-98c5-b69ccef7bba5
	At position: 2
	leftTip: 1 rightTip: 1
	Suspicios: 3
	Mean extensions: 1
	Inner reads: 0
	Length: 24266
[2018-11-04 21:51:20] DEBUG: Inner: 148 covered: 234 total: 7440
[2018-11-04 21:51:21] DEBUG: Assembled contig 15
	With 5 reads
	Start read: +0dd2b38-7a7f-44ed-9a49-50831ad770a8
	At position: 4
	leftTip: 1 rightTip: 1
	Suspicios: 3
	Mean extensions: 1
	Inner reads: 0
	Length: 27228
[2018-11-04 21:51:21] DEBUG: Inner: 152 covered: 243 total: 7440
[2018-11-04 21:51:21] DEBUG: Assembled contig 16
	With 5 reads
	Start read: -04e59e3-0efa-4f21-9d63-f108d28d4891
	At position: 4
	leftTip: 1 rightTip: 1
	Suspicios: 4
	Mean extensions: 1
	Inner reads: 0
	Length: 63294
[2018-11-04 21:51:21] DEBUG: Inner: 158 covered: 245 total: 7440
[2018-11-04 21:51:21] DEBUG: Assembled contig 17
	With 5 reads
	Start read: -d234270-ac35-466d-a16e-bcc35bcbc29f
	At position: 3
	leftTip: 1 rightTip: 1
	Suspicios: 3
	Mean extensions: 1
	Inner reads: 0
	Length: 42733
[2018-11-04 21:51:21] DEBUG: Inner: 164 covered: 255 total: 7440
[2018-11-04 21:51:21] DEBUG: Assembled contig 18
	With 4 reads
	Start read: +0e1880b-cd27-4453-93f7-c0bfe4c395a4
	At position: 3
	leftTip: 1 rightTip: 1
	Suspicios: 3
	Mean extensions: 0
	Inner reads: 0
	Length: 61613
[2018-11-04 21:51:21] DEBUG: Inner: 168 covered: 263 total: 7440
[2018-11-04 21:51:21] DEBUG: Assembled contig 19
	With 4 reads
	Start read: +07529c3-9f2c-41ab-ae20-126927be212d
	At position: 2
	leftTip: 1 rightTip: 1
	Suspicios: 3
	Mean extensions: 2
	Inner reads: 0
	Length: 26224
[2018-11-04 21:51:21] DEBUG: Inner: 168 covered: 263 total: 7440
[2018-11-04 21:51:21] DEBUG: Assembled contig 20
	With 4 reads
	Start read: -ad73bab-b0fb-4f2d-aa4c-4d338b7b005b
	At position: 2
	leftTip: 1 rightTip: 1
	Suspicios: 3
	Mean extensions: 1
	Inner reads: 0
	Length: 29560
[2018-11-04 21:51:21] DEBUG: Inner: 170 covered: 268 total: 7440
[2018-11-04 21:51:21] DEBUG: Assembled contig 21
	With 4 reads
	Start read: +e5baf8f-0dc1-40b5-95f9-0c2bc580dab8
	At position: 2
	leftTip: 1 rightTip: 0
	Suspicios: 3
	Mean extensions: 1
	Inner reads: 1
	Length: 24023
[2018-11-04 21:51:21] DEBUG: Inner: 170 covered: 268 total: 7440
[2018-11-04 21:51:21] DEBUG: Assembled contig 22
	With 4 reads
	Start read: -c7c4732-80e2-4b88-8961-e04a5b34b27c
	At position: 2
	leftTip: 1 rightTip: 1
	Suspicios: 3
	Mean extensions: 0
	Inner reads: 0
	Length: 22844
[2018-11-04 21:51:21] DEBUG: Inner: 172 covered: 272 total: 7440
[2018-11-04 21:51:21] DEBUG: Assembled contig 23
	With 4 reads
	Start read: -1bb78b5-3751-4e8b-9c1a-7d84a0840868
	At position: 1
	leftTip: 1 rightTip: 1
	Suspicios: 2
	Mean extensions: 1
	Inner reads: 0
	Length: 20384
[2018-11-04 21:51:21] DEBUG: Inner: 172 covered: 272 total: 7440
[2018-11-04 21:51:21] INFO: Assembled 23 draft contigs
[2018-11-04 21:51:21] INFO: Generating contig sequences
[2018-11-04 21:52:01] DEBUG: Writing FASTA
-----------End assembly log------------
[2018-11-04 21:52:01] root: INFO: Running Minimap2
[2018-11-04 21:52:01] root: DEBUG: Running: flye-minimap2 /home/jovyan/notebooks/data/agalactiae/flye_output/0-assembly/draft_assembly.fasta data/agalactiae/merged-output.fastq -a -Q -w5 -m100 -g10000 --max-chain-skip 25 -t 2 -k15
[2018-11-04 21:52:38] root: DEBUG: Sorting alignment file
[2018-11-04 21:52:39] root: INFO: Computing consensus
[2018-11-04 21:52:55] root: DEBUG: Alignment error rate: 0.172276373817
[2018-11-04 21:52:55] root: INFO: Performing repeat analysis
[2018-11-04 21:52:55] root: DEBUG: -----Begin repeat analyser log------
[2018-11-04 21:52:55] root: DEBUG: Running: flye-repeat -k 15 -l /home/jovyan/notebooks/data/agalactiae/flye_output/flye.log -t 2 -v 5000 -g /home/jovyan/notebooks/data/agalactiae/flye_output/1-consensus/consensus.fasta data/agalactiae/merged-output.fastq /home/jovyan/notebooks/data/agalactiae/flye_output/2-repeat /usr/local/lib/python2.7/dist-packages/flye/resource/asm_raw_reads.cfg
[2018-11-04 21:52:55] DEBUG: Build date: Oct 25 2018 19:01:32
[2018-11-04 21:52:55] DEBUG: Parameters:
[2018-11-04 21:52:55] DEBUG: 	maximum_jump=1500
[2018-11-04 21:52:55] DEBUG: 	maximum_overhang=1500
[2018-11-04 21:52:55] DEBUG: 	hard_min_coverage_rate=10
[2018-11-04 21:52:55] DEBUG: 	repeat_coverage_rate=10
[2018-11-04 21:52:55] DEBUG: 	close_jump_rate=100
[2018-11-04 21:52:55] DEBUG: 	far_jump_rate=2
[2018-11-04 21:52:55] DEBUG: 	overlap_divergence_rate=5
[2018-11-04 21:52:55] DEBUG: 	penalty_window=100
[2018-11-04 21:52:55] DEBUG: 	max_coverage_drop_rate=5
[2018-11-04 21:52:55] DEBUG: 	chimera_window=100
[2018-11-04 21:52:55] DEBUG: 	min_reads_in_contig=4
[2018-11-04 21:52:55] DEBUG: 	max_inner_reads=10
[2018-11-04 21:52:55] DEBUG: 	max_inner_fraction=0.25
[2018-11-04 21:52:55] DEBUG: 	max_separation=500
[2018-11-04 21:52:55] DEBUG: 	tip_length_threshold=20000
[2018-11-04 21:52:55] DEBUG: 	unique_edge_length=50000
[2018-11-04 21:52:55] DEBUG: 	min_repeat_res_support=0.5
[2018-11-04 21:52:55] DEBUG: 	out_paths_ratio=5
[2018-11-04 21:52:55] DEBUG: 	graph_cov_drop_rate=10
[2018-11-04 21:52:55] DEBUG: 	coverage_estimate_window=100
[2018-11-04 21:52:55] DEBUG: 	low_cutoff_warning=1
[2018-11-04 21:52:55] DEBUG: 	assemble_kmer_sample=1
[2018-11-04 21:52:55] DEBUG: 	assemble_gap=500
[2018-11-04 21:52:55] DEBUG: 	repeat_graph_kmer_sample=5
[2018-11-04 21:52:55] DEBUG: 	repeat_graph_gap=100
[2018-11-04 21:52:55] DEBUG: 	repeat_graph_max_kmer=500
[2018-11-04 21:52:55] DEBUG: 	read_align_kmer_sample=1
[2018-11-04 21:52:55] DEBUG: 	read_align_gap=500
[2018-11-04 21:52:55] DEBUG: 	read_align_max_kmer=500
[2018-11-04 21:52:55] INFO: Reading sequences
[2018-11-04 21:52:56] INFO: Building repeat graph
[2018-11-04 21:52:56] DEBUG: Hard threshold set to 1
[2018-11-04 21:52:56] DEBUG: Started kmer counting
[2018-11-04 21:53:34] DEBUG: Solid kmers: 887398
[2018-11-04 21:53:34] DEBUG: Kmer index size: 983334
[2018-11-04 21:53:34] DEBUG: Total chunks 1 wasted space: 0
[2018-11-04 21:54:21] DEBUG: Found 312 overlaps
[2018-11-04 21:54:21] DEBUG: Left 140 overlaps after filtering
[2018-11-04 21:54:21] DEBUG: Building interval tree
[2018-11-04 21:54:21] DEBUG: Computing gluepoints
[2018-11-04 21:54:21] DEBUG: Created 322 gluepoints
[2018-11-04 21:54:21] DEBUG: Tandems removed: 0 left, 0 right, 4 both
[2018-11-04 21:54:21] DEBUG: Initializing edges
[2018-11-04 21:54:21] DEBUG: *	-22	+contig_9	0	50626	50626
[2018-11-04 21:54:21] DEBUG: *	-21	+contig_7	0	27073	27073
[2018-11-04 21:54:21] DEBUG: *	-18	+contig_15	0	26094	26094
[2018-11-04 21:54:21] DEBUG: *	15	+contig_5	0	39254	39254
[2018-11-04 21:54:21] DEBUG: *	-14	+contig_22	0	21817	21817
[2018-11-04 21:54:21] DEBUG: *	23	+contig_14	0	23088	23088
[2018-11-04 21:54:21] DEBUG: *	-10	+contig_20	0	23147	23147
[2018-11-04 21:54:21] DEBUG:  	16	+contig_20	23147	29160	6013
[2018-11-04 21:54:21] DEBUG:  	-31	+contig_21	4449	23476	19027
[2018-11-04 21:54:21] DEBUG: *	-12	+contig_11	0	12290	12290
[2018-11-04 21:54:21] DEBUG:  	-31	+contig_11	12290	30980	18690
[2018-11-04 21:54:21] DEBUG: *	-11	+contig_11	30980	64363	33383
[2018-11-04 21:54:21] DEBUG:  	13	+contig_13	175	16900	16725
[2018-11-04 21:54:21] DEBUG: *	28	+contig_3	0	22490	22490
[2018-11-04 21:54:21] DEBUG: *	24	+contig_18	0	37226	37226
[2018-11-04 21:54:21] DEBUG:  	16	+contig_18	37226	42980	5754
[2018-11-04 21:54:21] DEBUG: *	34	+contig_18	42980	60312	17332
[2018-11-04 21:54:21] DEBUG: *	-30	+contig_17	0	41139	41139
[2018-11-04 21:54:21] DEBUG: *	-27	+contig_10	0	56854	56854
[2018-11-04 21:54:21] DEBUG: *	33	+contig_6	0	14105	14105
[2018-11-04 21:54:21] DEBUG:  	-4	+contig_6	14105	14904	799
[2018-11-04 21:54:21] DEBUG:  	-4	+contig_6	14904	16809	1905
[2018-11-04 21:54:21] DEBUG:  	-4	+contig_6	16809	17494	685
[2018-11-04 21:54:21] DEBUG:  	-4	+contig_6	17494	18303	809
[2018-11-04 21:54:21] DEBUG:  	-4	+contig_6	18303	18999	696
[2018-11-04 21:54:21] DEBUG:  	-4	+contig_6	18999	19630	631
[2018-11-04 21:54:21] DEBUG:  	-4	+contig_6	19630	20251	621
[2018-11-04 21:54:21] DEBUG:  	-4	+contig_6	20251	21411	1160
[2018-11-04 21:54:21] DEBUG:  	-4	+contig_6	21411	22498	1087
[2018-11-04 21:54:21] DEBUG:  	-4	+contig_6	22498	23090	592
[2018-11-04 21:54:21] DEBUG:  	-4	+contig_6	23090	23655	565
[2018-11-04 21:54:21] DEBUG:  	-4	+contig_6	23655	24368	713
[2018-11-04 21:54:21] DEBUG:  	-4	+contig_6	24368	25255	887
[2018-11-04 21:54:21] DEBUG:  	-4	+contig_6	25255	25972	717
[2018-11-04 21:54:21] DEBUG:  	-4	+contig_6	25972	26675	703
[2018-11-04 21:54:21] DEBUG:  	-4	+contig_6	26675	27255	580
[2018-11-04 21:54:21] DEBUG:  	-4	+contig_6	27255	29985	2730
[2018-11-04 21:54:21] DEBUG:  	-4	+contig_6	29985	30614	629
[2018-11-04 21:54:21] DEBUG:  	-4	+contig_6	30614	31377	763
[2018-11-04 21:54:21] DEBUG:  	-4	+contig_6	31377	32228	851
[2018-11-04 21:54:21] DEBUG:  	-4	+contig_6	32228	32903	675
[2018-11-04 21:54:21] DEBUG:  	-4	+contig_6	32903	34156	1253
[2018-11-04 21:54:21] DEBUG:  	-4	+contig_6	34156	35094	938
[2018-11-04 21:54:21] DEBUG:  	-4	+contig_6	35094	35944	850
[2018-11-04 21:54:21] DEBUG:  	-4	+contig_6	35944	36939	995
[2018-11-04 21:54:21] DEBUG:  	-4	+contig_6	36939	39441	2502
[2018-11-04 21:54:21] DEBUG:  	-4	+contig_6	39441	43892	4451
[2018-11-04 21:54:21] DEBUG:  	-4	+contig_6	43892	45602	1710
[2018-11-04 21:54:21] DEBUG:  	-4	+contig_6	45602	46206	604
[2018-11-04 21:54:21] DEBUG:  	-4	+contig_6	46206	47864	1658
[2018-11-04 21:54:21] DEBUG:  	-4	+contig_6	47864	48937	1073
[2018-11-04 21:54:21] DEBUG:  	-4	+contig_6	48937	49543	606
[2018-11-04 21:54:21] DEBUG:  	-4	+contig_6	49543	50175	632
[2018-11-04 21:54:21] DEBUG:  	-4	+contig_6	50175	51559	1384
[2018-11-04 21:54:21] DEBUG:  	-4	+contig_6	51559	53534	1975
[2018-11-04 21:54:21] DEBUG:  	-4	+contig_6	53534	54230	696
[2018-11-04 21:54:21] DEBUG:  	-4	+contig_6	54230	54774	544
[2018-11-04 21:54:21] DEBUG:  	-4	+contig_6	54774	55666	892
[2018-11-04 21:54:21] DEBUG:  	-4	+contig_6	55666	57014	1348
[2018-11-04 21:54:21] DEBUG:  	-4	+contig_6	57014	57950	936
[2018-11-04 21:54:21] DEBUG:  	-4	+contig_6	57950	59004	1054
[2018-11-04 21:54:21] DEBUG:  	-4	+contig_6	59004	59829	825
[2018-11-04 21:54:21] DEBUG:  	-4	+contig_6	59829	61134	1305
[2018-11-04 21:54:21] DEBUG:  	-4	+contig_6	61134	64878	3744
[2018-11-04 21:54:21] DEBUG:  	-4	+contig_6	64878	65379	501
[2018-11-04 21:54:21] DEBUG:  	-4	+contig_6	65379	68369	2990
[2018-11-04 21:54:21] DEBUG:  	-4	+contig_6	68369	68944	575
[2018-11-04 21:54:21] DEBUG:  	-4	+contig_6	68944	69971	1027
[2018-11-04 21:54:21] DEBUG:  	-4	+contig_6	69971	70747	776
[2018-11-04 21:54:21] DEBUG:  	-4	+contig_6	70747	72289	1542
[2018-11-04 21:54:21] DEBUG:  	-4	+contig_6	72289	73204	915
[2018-11-04 21:54:21] DEBUG:  	-4	+contig_6	73204	73794	590
[2018-11-04 21:54:21] DEBUG: *	-3	+contig_6	73794	77200	3406
[2018-11-04 21:54:21] DEBUG:  	-4	+contig_6	77200	79415	2215
[2018-11-04 21:54:21] DEBUG:  	-4	+contig_6	79415	80020	605
[2018-11-04 21:54:21] DEBUG:  	-4	+contig_6	80020	80928	908
[2018-11-04 21:54:21] DEBUG:  	-4	+contig_6	80928	81501	573
[2018-11-04 21:54:21] DEBUG:  	-4	+contig_6	81501	82240	739
[2018-11-04 21:54:21] DEBUG:  	-4	+contig_6	82240	83547	1307
[2018-11-04 21:54:21] DEBUG:  	-4	+contig_6	83547	84554	1007
[2018-11-04 21:54:21] DEBUG:  	-4	+contig_6	84554	86085	1531
[2018-11-04 21:54:21] DEBUG:  	-4	+contig_6	86085	86992	907
[2018-11-04 21:54:21] DEBUG:  	-4	+contig_6	86992	87758	766
[2018-11-04 21:54:21] DEBUG:  	-4	+contig_6	87758	91675	3917
[2018-11-04 21:54:21] DEBUG:  	-4	+contig_6	91675	92460	785
[2018-11-04 21:54:21] DEBUG:  	-4	+contig_6	92460	93299	839
[2018-11-04 21:54:21] DEBUG:  	-4	+contig_6	93299	94476	1177
[2018-11-04 21:54:21] DEBUG:  	-4	+contig_6	94476	95344	868
[2018-11-04 21:54:21] DEBUG:  	-4	+contig_6	95344	96214	870
[2018-11-04 21:54:21] DEBUG:  	-4	+contig_6	96214	97114	900
[2018-11-04 21:54:21] DEBUG:  	-4	+contig_6	97114	97629	515
[2018-11-04 21:54:21] DEBUG:  	-4	+contig_6	97629	98234	605
[2018-11-04 21:54:21] DEBUG:  	-4	+contig_6	98234	99024	790
[2018-11-04 21:54:21] DEBUG:  	-4	+contig_6	99024	102795	3771
[2018-11-04 21:54:21] DEBUG:  	-4	+contig_6	102795	103924	1129
[2018-11-04 21:54:21] DEBUG: *	-20	+contig_8	0	34198	34198
[2018-11-04 21:54:21] DEBUG:  	-29	+contig_1	265	20919	20654
[2018-11-04 21:54:21] DEBUG:  	36	+contig_1	20919	23141	2222
[2018-11-04 21:54:21] DEBUG:  	35	+contig_1	23141	46633	23492
[2018-11-04 21:54:21] DEBUG:  	-29	+contig_1	46633	66447	19814
[2018-11-04 21:54:21] DEBUG:  	36	+contig_1	66447	68646	2199
[2018-11-04 21:54:21] DEBUG:  	35	+contig_1	68646	92984	24338
[2018-11-04 21:54:21] DEBUG:  	-29	+contig_1	92984	113917	20933
[2018-11-04 21:54:21] DEBUG:  	36	+contig_1	113917	116159	2242
[2018-11-04 21:54:21] DEBUG: *	-19	+contig_16	0	29231	29231
[2018-11-04 21:54:21] DEBUG:  	-25	+contig_16	29231	38805	9574
[2018-11-04 21:54:21] DEBUG:  	32	+contig_16	38805	53929	15124
[2018-11-04 21:54:21] DEBUG:  	-26	+contig_12	2161	11991	9830
[2018-11-04 21:54:21] DEBUG:  	-26	+contig_23	1670	11521	9851
[2018-11-04 21:54:21] DEBUG: *	-1	+contig_23	11521	19635	8114
[2018-11-04 21:54:21] DEBUG:  	-25	+contig_2	91	8143	8052
[2018-11-04 21:54:21] DEBUG:  	32	+contig_2	8143	21954	13811
[2018-11-04 21:54:21] DEBUG: *	-9	+contig_2	21954	30386	8432
[2018-11-04 21:54:21] DEBUG:  	-8	+contig_4	1014	2899	1885
[2018-11-04 21:54:21] DEBUG:  	-8	+contig_4	2899	3944	1045
[2018-11-04 21:54:21] DEBUG:  	-8	+contig_4	3944	6218	2274
[2018-11-04 21:54:21] DEBUG:  	-8	+contig_4	6218	7389	1171
[2018-11-04 21:54:21] DEBUG:  	-8	+contig_4	7389	9079	1690
[2018-11-04 21:54:21] DEBUG:  	-8	+contig_4	9079	10249	1170
[2018-11-04 21:54:21] DEBUG:  	-8	+contig_4	10249	12044	1795
[2018-11-04 21:54:21] DEBUG: *	-6	+contig_4	12044	33090	21046
[2018-11-04 21:54:21] DEBUG:  	-8	+contig_4	33090	35905	2815
[2018-11-04 21:54:21] DEBUG:  	-8	+contig_4	35905	38201	2296
[2018-11-04 21:54:21] DEBUG: *	-7	+contig_4	38201	52626	14425
[2018-11-04 21:54:21] DEBUG:  	-8	+contig_4	52626	54848	2222
[2018-11-04 21:54:21] DEBUG:  	-8	+contig_4	54848	56042	1194
[2018-11-04 21:54:21] DEBUG:  	-8	+contig_4	56042	57791	1749
[2018-11-04 21:54:21] DEBUG: *	-5	+contig_4	57791	64230	6439
[2018-11-04 21:54:21] DEBUG:  	-8	+contig_4	64230	66161	1931
[2018-11-04 21:54:21] DEBUG:  	-8	+contig_4	66161	70364	4203
[2018-11-04 21:54:21] DEBUG:  	-8	+contig_4	70364	71056	692
[2018-11-04 21:54:21] DEBUG:  	-8	+contig_4	71056	72969	1913
[2018-11-04 21:54:21] DEBUG:  	-8	+contig_4	72969	75561	2592
[2018-11-04 21:54:21] DEBUG: *	-2	+contig_4	75561	82857	7296
[2018-11-04 21:54:21] DEBUG:  	13	+contig_19	94	16924	16830
[2018-11-04 21:54:21] DEBUG: *	17	+contig_19	16924	25134	8210
[2018-11-04 21:54:21] DEBUG: Total edges: 36
[2018-11-04 21:54:21] DEBUG: Writing Dot
[2018-11-04 21:54:21] DEBUG: 0 tips clipped
[2018-11-04 21:54:21] DEBUG: Collapsed: 29 -> -35 -> -36 to 37
[2018-11-04 21:54:21] DEBUG: Collapsed: 16 -> 34 to 38
[2018-11-04 21:54:21] DEBUG: Collapsed: -26 -> -1 to 39
[2018-11-04 21:54:21] DEBUG: Collapsed: -19 -> -25 -> 32 -> -9 to 40 -> 41
[2018-11-04 21:54:21] DEBUG: Collapsed: 13 -> 17 to 42
[2018-11-04 21:54:21] DEBUG: Collapsed: -12 -> -31 -> -11 to 43
[2018-11-04 21:54:21] DEBUG: Removed 16 edges
[2018-11-04 21:54:21] DEBUG: Added 7 edges
[2018-11-04 21:54:21] DEBUG: Removed 0 chimeric junctions
[2018-11-04 21:54:21] DEBUG: Collapsed 0 bulges
[2018-11-04 21:54:21] DEBUG: Removed 0 edges
[2018-11-04 21:54:21] DEBUG: Added 0 edges
[2018-11-04 21:54:21] DEBUG: 0 tips clipped
[2018-11-04 21:54:21] INFO: Aligning reads to the graph
[2018-11-04 21:54:21] DEBUG: Hard threshold set to 1
[2018-11-04 21:54:21] DEBUG: Started kmer counting
[2018-11-04 21:54:59] DEBUG: Solid kmers: 798574
[2018-11-04 21:54:59] DEBUG: Kmer index size: 870609
[2018-11-04 21:55:00] DEBUG: Total chunks 1 wasted space: 0
[2018-11-04 21:57:57] DEBUG: Aligned 558 / 2930
[2018-11-04 21:57:57] DEBUG: Aligned length 8775244 / 62431830 0.140557
[2018-11-04 21:57:57] DEBUG: Mean edge coverage: 2
[2018-11-04 21:57:57] DEBUG: -43	64363	4	2
[2018-11-04 21:57:57] DEBUG: 43	64363	4	2
[2018-11-04 21:57:57] DEBUG: -41	8432	1	0.5
[2018-11-04 21:57:57] DEBUG: 41	8432	1	0.5
[2018-11-04 21:57:57] DEBUG: -40	53929	3	1.5
[2018-11-04 21:57:57] DEBUG: 39	17965	2	1
[2018-11-04 21:57:57] DEBUG: -38	23086	2	1
[2018-11-04 21:57:57] DEBUG: 38	23086	2	1
[2018-11-04 21:57:57] DEBUG: 37	46499	30	15
[2018-11-04 21:57:57] DEBUG: -33	14105	3	1.5
[2018-11-04 21:57:57] DEBUG: 33	14105	3	1.5
[2018-11-04 21:57:57] DEBUG: -30	41139	3	1.5
[2018-11-04 21:57:57] DEBUG: 30	41139	3	1.5
[2018-11-04 21:57:57] DEBUG: 28	22490	3	1.5
[2018-11-04 21:57:57] DEBUG: -27	56854	3	1.5
[2018-11-04 21:57:57] DEBUG: 40	53929	3	1.5
[2018-11-04 21:57:57] DEBUG: 27	56854	3	1.5
[2018-11-04 21:57:57] DEBUG: -24	37226	2	1
[2018-11-04 21:57:57] DEBUG: 24	37226	2	1
[2018-11-04 21:57:57] DEBUG: 10	23147	2	1
[2018-11-04 21:57:57] DEBUG: -42	25040	4	2
[2018-11-04 21:57:57] DEBUG: -7	14425	3	1.5
[2018-11-04 21:57:57] DEBUG: -5	6439	1	0.5
[2018-11-04 21:57:57] DEBUG: -37	46499	30	15
[2018-11-04 21:57:57] DEBUG: 7	14425	3	1.5
[2018-11-04 21:57:57] DEBUG: 3	3406	1	0.5
[2018-11-04 21:57:57] DEBUG: 5	6439	1	0.5
[2018-11-04 21:57:57] DEBUG: 42	25040	4	2
[2018-11-04 21:57:57] DEBUG: -6	21046	7	3.5
[2018-11-04 21:57:57] DEBUG: 2	7296	1	0.5
[2018-11-04 21:57:57] DEBUG: 8	1919	99	49.5
[2018-11-04 21:57:57] DEBUG: 4	1167	340	170
[2018-11-04 21:57:57] DEBUG: -4	1167	340	170
[2018-11-04 21:57:57] DEBUG: -23	23088	2	1
[2018-11-04 21:57:57] DEBUG: -20	34198	3	1.5
[2018-11-04 21:57:57] DEBUG: -3	3406	1	0.5
[2018-11-04 21:57:57] DEBUG: -28	22490	3	1.5
[2018-11-04 21:57:57] DEBUG: -10	23147	2	1
[2018-11-04 21:57:57] DEBUG: -2	7296	1	0.5
[2018-11-04 21:57:57] DEBUG: -8	1919	99	49.5
[2018-11-04 21:57:57] DEBUG: 14	21817	2	1
[2018-11-04 21:57:57] DEBUG: -39	17965	2	1
[2018-11-04 21:57:57] DEBUG: -14	21817	2	1
[2018-11-04 21:57:57] DEBUG: 15	39254	3	1.5
[2018-11-04 21:57:57] DEBUG: 6	21046	7	3.5
[2018-11-04 21:57:57] DEBUG: -15	39254	3	1.5
[2018-11-04 21:57:57] DEBUG: 23	23088	2	1
[2018-11-04 21:57:57] DEBUG: 20	34198	3	1.5
[2018-11-04 21:57:57] DEBUG: 18	26094	3	1.5
[2018-11-04 21:57:57] DEBUG: 21	27073	3	1.5
[2018-11-04 21:57:57] DEBUG: -18	26094	3	1.5
[2018-11-04 21:57:57] DEBUG: -21	27073	3	1.5
[2018-11-04 21:57:57] DEBUG: 22	50626	3	1.5
[2018-11-04 21:57:57] DEBUG: -22	50626	3	1.5
[2018-11-04 21:57:57] DEBUG: Unique coverage threshold 2
[2018-11-04 21:57:57] DEBUG: Read coverage cutoff: 0
[2018-11-04 21:57:57] DEBUG: Removed 0 unsupported edges
[2018-11-04 21:57:57] DEBUG: Separated 0 haplotypes
[2018-11-04 21:57:57] INFO: Resolving repeats
[2018-11-04 21:57:57] DEBUG: Finding repeats
[2018-11-04 21:57:57] DEBUG: Cov: 37	46499	30
[2018-11-04 21:57:57] DEBUG: Tan: 37	46499	30
[2018-11-04 21:57:57] DEBUG: Cov: -6	21046	7
[2018-11-04 21:57:57] DEBUG: Cov: 8	1919	99
[2018-11-04 21:57:57] DEBUG: Tan: 8	1919	99
[2018-11-04 21:57:57] DEBUG: Cov: 4	1167	340
[2018-11-04 21:57:57] DEBUG: Tan: 4	1167	340
[2018-11-04 21:57:57] DEBUG: Mult: -38	23086	2	2 (0,2)
[2018-11-04 21:57:57] DEBUG: +	    T -24	4
[2018-11-04 21:57:57] DEBUG: +	    T 10	4
[2018-11-04 21:57:57] DEBUG: Writing Dot
[2018-11-04 21:57:57] DEBUG: Writing Gfa
[2018-11-04 21:57:57] DEBUG: Writing FASTA
[2018-11-04 21:57:57] DEBUG: Total unique edges: 22
[2018-11-04 21:57:57] DEBUG: 	Connection -7	-5	1	1
[2018-11-04 21:57:57] DEBUG: Resolved: 1 links: 302
[2018-11-04 21:57:57] DEBUG: Unresolved: 0
[2018-11-04 21:57:57] DEBUG: Finding repeats
[2018-11-04 21:57:57] DEBUG: Cov: 37	46499	30
[2018-11-04 21:57:57] DEBUG: Tan: 37	46499	30
[2018-11-04 21:57:57] DEBUG: Cov: -6	21046	7
[2018-11-04 21:57:57] DEBUG: Cov: 8	1919	99
[2018-11-04 21:57:57] DEBUG: Tan: 8	1919	99
[2018-11-04 21:57:57] DEBUG: Cov: 4	1167	340
[2018-11-04 21:57:57] DEBUG: Tan: 4	1167	340
[2018-11-04 21:57:57] DEBUG: Mult: -38	23086	2	2 (0,2)
[2018-11-04 21:57:57] DEBUG: +	    T -24	4
[2018-11-04 21:57:57] DEBUG: +	    T 10	4
[2018-11-04 21:57:57] DEBUG: Total unique edges: 23
[2018-11-04 21:57:57] DEBUG: Resolved: 0 links: 302
[2018-11-04 21:57:57] DEBUG: Unresolved: 0
[2018-11-04 21:57:57] DEBUG: Removed 0 chimeric junctions
[2018-11-04 21:57:57] DEBUG: Writing Dot
[2018-11-04 21:57:57] INFO: Generating contigs
[2018-11-04 21:57:57] DEBUG: UPath 1: 5 -> -44 -> 7
[2018-11-04 21:57:57] DEBUG: UPath 2: -43
[2018-11-04 21:57:57] DEBUG: UPath 3: -41 -> -40
[2018-11-04 21:57:57] DEBUG: UPath 4: 39
[2018-11-04 21:57:57] DEBUG: UPath 5: -38
[2018-11-04 21:57:57] DEBUG: UPath 6: 37
[2018-11-04 21:57:57] DEBUG: UPath 7: -33
[2018-11-04 21:57:57] DEBUG: UPath 8: -30
[2018-11-04 21:57:57] DEBUG: UPath 9: 28
[2018-11-04 21:57:57] DEBUG: UPath 10: -27
[2018-11-04 21:57:57] DEBUG: UPath 11: -24
[2018-11-04 21:57:57] DEBUG: UPath 12: 10
[2018-11-04 21:57:57] DEBUG: UPath 13: -42
[2018-11-04 21:57:57] DEBUG: UPath 14: 3
[2018-11-04 21:57:57] DEBUG: UPath 15: -6
[2018-11-04 21:57:57] DEBUG: UPath 16: 2
[2018-11-04 21:57:57] DEBUG: UPath 17: 8
[2018-11-04 21:57:57] DEBUG: UPath 18: 4
[2018-11-04 21:57:57] DEBUG: UPath 19: -23
[2018-11-04 21:57:57] DEBUG: UPath 20: -20
[2018-11-04 21:57:57] DEBUG: UPath 21: 14
[2018-11-04 21:57:57] DEBUG: UPath 22: 15
[2018-11-04 21:57:57] DEBUG: UPath 23: 18
[2018-11-04 21:57:57] DEBUG: UPath 24: 21
[2018-11-04 21:57:57] DEBUG: UPath 25: 22
[2018-11-04 21:57:57] DEBUG: Final graph contiain 25 egdes
[2018-11-04 21:57:57] DEBUG: Ctg 1 overhang 10442 upath -15
[2018-11-04 21:57:57] DEBUG: Ctg -7 overhang -952 upath -18
[2018-11-04 21:57:57] DEBUG: Ctg -11 overhang -252 upath -5
[2018-11-04 21:57:57] DEBUG: Ctg -12 overhang 16968 upath -5
[2018-11-04 21:57:57] DEBUG: Ctg -14 overhang -302 upath -18
[2018-11-04 21:57:57] DEBUG: Ctg 16 overhang 1384 upath 17
[2018-11-04 21:57:57] DEBUG: Covered 4 repetitive contigs
[2018-11-04 21:57:57] INFO: Generated 21 contigs
[2018-11-04 21:57:57] DEBUG: Writing FASTA
[2018-11-04 21:57:57] DEBUG: Contig: 1: 1,17,17,-15
[2018-11-04 21:57:57] DEBUG: Contig: 2: 2
[2018-11-04 21:57:57] DEBUG: Contig: 3: 3
[2018-11-04 21:57:57] DEBUG: Contig: 4: 4
[2018-11-04 21:57:57] DEBUG: Contig: 7: 18,18,7
[2018-11-04 21:57:57] DEBUG: Contig: 8: 8
[2018-11-04 21:57:57] DEBUG: Contig: 9: 9
[2018-11-04 21:57:57] DEBUG: Contig: 10: 10
[2018-11-04 21:57:57] DEBUG: Contig: 11: 5,11
[2018-11-04 21:57:57] DEBUG: Contig: 12: 5,12
[2018-11-04 21:57:57] DEBUG: Contig: 13: 13
[2018-11-04 21:57:57] DEBUG: Contig: 14: 18,18,18,18,18,18,18,18,18,18,18,18,18,18,18,18,18,18,18,18,14
[2018-11-04 21:57:57] DEBUG: Contig: 16: 16,-15,17,17
[2018-11-04 21:57:57] DEBUG: Contig: 19: 19
[2018-11-04 21:57:57] DEBUG: Contig: 20: 20
[2018-11-04 21:57:57] DEBUG: Contig: 21: 21
[2018-11-04 21:57:57] DEBUG: Contig: 22: 22
[2018-11-04 21:57:57] DEBUG: Contig: 23: 23
[2018-11-04 21:57:57] DEBUG: Contig: 24: 24
[2018-11-04 21:57:57] DEBUG: Contig: 25: 25
[2018-11-04 21:57:57] DEBUG: Contig: 6: 6
[2018-11-04 21:57:57] DEBUG: Writing Dot
[2018-11-04 21:57:57] DEBUG: Writing FASTA
[2018-11-04 21:57:57] DEBUG: Writing Gfa
-----------End assembly log------------
[2018-11-04 21:57:57] root: INFO: Polishing genome (1/1)
[2018-11-04 21:57:57] root: INFO: Running Minimap2
[2018-11-04 21:57:57] root: DEBUG: Running: flye-minimap2 /home/jovyan/notebooks/data/agalactiae/flye_output/2-repeat/graph_paths.fasta data/agalactiae/merged-output.fastq -a -Q -w5 -m100 -g10000 --max-chain-skip 25 -t 2 -k15
[2018-11-04 21:58:23] root: DEBUG: Sorting alignment file
[2018-11-04 21:58:23] root: INFO: Separating alignment into bubbles
[2018-11-04 21:58:37] root: DEBUG: Alignment error rate: 0.146343889341
[2018-11-04 21:58:37] root: DEBUG: Generated 29850 bubbles
[2018-11-04 21:58:37] root: DEBUG: Split 45 long bubbles
[2018-11-04 21:58:37] root: DEBUG: Skipped 18 empty bubbles
[2018-11-04 21:58:37] root: DEBUG: Skipped 1 bubbles with long branches
[2018-11-04 21:58:37] root: INFO: Correcting bubbles
[2018-11-04 22:09:02] root: INFO: Assembly statistics:

	Total length:	799345
	Contigs:	21
	Scaffolds:	20
	Scaffolds N50:	42678
	Largest scf:	65663
	Mean coverage:	3

[2018-11-04 22:09:02] root: INFO: Final assembly: /home/jovyan/notebooks/data/agalactiae/flye_output/scaffolds.fasta
